[debug] [2022-09-05T13:40:40.156Z] ----------------------------------------------------------------------
[debug] [2022-09-05T13:40:40.158Z] Command:       C:\Program Files\nodejs\node.exe C:\Users\Cami\AppData\Roaming\npm\node_modules\firebase-tools\lib\bin\firebase.js init hosting
[debug] [2022-09-05T13:40:40.158Z] CLI Version:   11.8.0
[debug] [2022-09-05T13:40:40.158Z] Platform:      win32
[debug] [2022-09-05T13:40:40.158Z] Node Version:  v16.14.0
[debug] [2022-09-05T13:40:40.159Z] Time:          Mon Sep 05 2022 09:40:40 GMT-0400 (Bolivia Time)
[debug] [2022-09-05T13:40:40.159Z] ----------------------------------------------------------------------
[debug] 
[debug] [2022-09-05T13:40:40.199Z] > command requires scopes: ["email","openid","https://www.googleapis.com/auth/cloudplatformprojects.readonly","https://www.googleapis.com/auth/firebase","https://www.googleapis.com/auth/cloud-platform"]
[debug] [2022-09-05T13:40:40.200Z] > authorizing via signed-in user (camgany@gmail.com)
[info] 
     ######## #### ########  ######## ########     ###     ######  ########
     ##        ##  ##     ## ##       ##     ##  ##   ##  ##       ##
     ######    ##  ########  ######   ########  #########  ######  ######
     ##        ##  ##    ##  ##       ##     ## ##     ##       ## ##
     ##       #### ##     ## ######## ########  ##     ##  ######  ########

You're about to initialize a Firebase project in this directory:

  C:\Users\Cami\Desktop\Proyecto\nodejs-base-2

Before we get started, keep in mind:

  * You are initializing within an existing Firebase project directory

[info] 
=== Project Setup
[info] 
[info] First, let's associate this project directory with a Firebase project.
[info] You can create multiple project aliases by running firebase use --add, 
[info] but for now we'll just set up a default project.
[info] 
[debug] [2022-09-05T13:40:43.088Z] Using project from CLI flag: pokedex-acd69
[debug] [2022-09-05T13:40:43.089Z] > refreshing access token with scopes: []
[debug] [2022-09-05T13:40:43.091Z] >>> [apiv2][query] POST https://www.googleapis.com/oauth2/v3/token [none]
[debug] [2022-09-05T13:40:43.091Z] >>> [apiv2][body] POST https://www.googleapis.com/oauth2/v3/token [omitted]
[debug] [2022-09-05T13:40:43.231Z] <<< [apiv2][status] POST https://www.googleapis.com/oauth2/v3/token 200
[debug] [2022-09-05T13:40:43.231Z] <<< [apiv2][body] POST https://www.googleapis.com/oauth2/v3/token [omitted]
[debug] [2022-09-05T13:40:43.236Z] >>> [apiv2][query] GET https://firebase.googleapis.com/v1beta1/projects/pokedex-acd69 [none]
[debug] [2022-09-05T13:40:43.608Z] <<< [apiv2][status] GET https://firebase.googleapis.com/v1beta1/projects/pokedex-acd69 200
[debug] [2022-09-05T13:40:43.608Z] <<< [apiv2][body] GET https://firebase.googleapis.com/v1beta1/projects/pokedex-acd69 {"projectId":"pokedex-acd69","projectNumber":"424648496300","displayName":"pokedex","name":"projects/pokedex-acd69","resources":{"hostingSite":"pokedex-acd69"},"state":"ACTIVE","etag":"1_25fc2e0a-af50-4d59-94a4-f07b235dcba4"}
[info] i  Using project pokedex-acd69 (pokedex) 
[info] 
=== Hosting Setup
[info] 
[info] Your public directory is the folder (relative to your project directory) that
[info] will contain Hosting assets to be uploaded with firebase deploy. If you
[info] have a build process for your assets, use your build's output directory.
[info] 
[debug] [2022-09-05T13:41:01.973Z] ----------------------------------------------------------------------
[debug] [2022-09-05T13:41:01.974Z] Command:       C:\Program Files\nodejs\node.exe C:\Users\Cami\AppData\Roaming\npm\node_modules\firebase-tools\lib\bin\firebase.js init hosting:github
[debug] [2022-09-05T13:41:01.974Z] CLI Version:   11.8.0
[debug] [2022-09-05T13:41:01.974Z] Platform:      win32
[debug] [2022-09-05T13:41:01.974Z] Node Version:  v16.14.0
[debug] [2022-09-05T13:41:01.975Z] Time:          Mon Sep 05 2022 09:41:01 GMT-0400 (Bolivia Time)
[debug] [2022-09-05T13:41:01.975Z] ----------------------------------------------------------------------
[debug] 
[debug] [2022-09-05T13:41:02.017Z] > command requires scopes: ["email","openid","https://www.googleapis.com/auth/cloudplatformprojects.readonly","https://www.googleapis.com/auth/firebase","https://www.googleapis.com/auth/cloud-platform"]
[debug] [2022-09-05T13:41:02.017Z] > authorizing via signed-in user (camgany@gmail.com)
[info] 
     ######## #### ########  ######## ########     ###     ######  ########
     ##        ##  ##     ## ##       ##     ##  ##   ##  ##       ##
     ######    ##  ########  ######   ########  #########  ######  ######
     ##        ##  ##    ##  ##       ##     ## ##     ##       ## ##
     ##       #### ##     ## ######## ########  ##     ##  ######  ########

You're about to initialize a Firebase project in this directory:

  C:\Users\Cami\Desktop\Proyecto\nodejs-base-2

Before we get started, keep in mind:

  * You are initializing within an existing Firebase project directory

